2024-10-12T12:11:49-04:00
Running ./build/run_benchmark
Run on (8 X 3591.96 MHz CPU s)
CPU Caches:
  L1 Data 32 KiB (x4)
  L1 Instruction 32 KiB (x4)
  L2 Unified 256 KiB (x4)
  L3 Unified 8192 KiB (x1)
Load Average: 0.08, 0.07, 0.10
--------------------------------------------------------------------------------------------------
Benchmark                                        Time             CPU   Iterations UserCounters...
--------------------------------------------------------------------------------------------------
BM_libiop_naive_fft/2_mean                   0.405 us        0.405 us         1000 items_per_second=2.47107M/s
BM_libiop_naive_fft/2_median                 0.405 us        0.405 us         1000 items_per_second=2.47131M/s
BM_libiop_naive_fft/2_stddev                 0.000 us        0.000 us         1000 items_per_second=1.27937k/s
BM_libiop_naive_fft/2_cv                      0.05 %          0.05 %          1000 items_per_second=0.05%
BM_libiop_naive_fft/3_mean                    1.47 us         1.47 us         1000 items_per_second=680.374k/s
BM_libiop_naive_fft/3_median                  1.47 us         1.47 us         1000 items_per_second=680.43k/s
BM_libiop_naive_fft/3_stddev                 0.001 us        0.001 us         1000 items_per_second=383.522/s
BM_libiop_naive_fft/3_cv                      0.06 %          0.06 %          1000 items_per_second=0.06%
BM_libiop_naive_fft/4_mean                    5.63 us         5.63 us         1000 items_per_second=177.529k/s
BM_libiop_naive_fft/4_median                  5.63 us         5.63 us         1000 items_per_second=177.544k/s
BM_libiop_naive_fft/4_stddev                 0.003 us        0.003 us         1000 items_per_second=87.2906/s
BM_libiop_naive_fft/4_cv                      0.05 %          0.05 %          1000 items_per_second=0.05%
BM_libiop_naive_fft/5_mean                    22.2 us         22.2 us         1000 items_per_second=45.1044k/s
BM_libiop_naive_fft/5_median                  22.2 us         22.2 us         1000 items_per_second=45.108k/s
BM_libiop_naive_fft/5_stddev                 0.011 us        0.011 us         1000 items_per_second=21.3523/s
BM_libiop_naive_fft/5_cv                      0.05 %          0.05 %          1000 items_per_second=0.05%
BM_libiop_naive_fft/6_mean                    88.2 us         88.2 us         1000 items_per_second=11.3404k/s
BM_libiop_naive_fft/6_median                  88.1 us         88.1 us         1000 items_per_second=11.3533k/s
BM_libiop_naive_fft/6_stddev                 0.187 us        0.186 us         1000 items_per_second=23.9154/s
BM_libiop_naive_fft/6_cv                      0.21 %          0.21 %          1000 items_per_second=0.21%
BM_libiop_naive_fft/7_mean                     351 us          351 us         1000 items_per_second=2.84642k/s
BM_libiop_naive_fft/7_median                   352 us          351 us         1000 items_per_second=2.84498k/s
BM_libiop_naive_fft/7_stddev                 0.419 us        0.419 us         1000 items_per_second=3.39881/s
BM_libiop_naive_fft/7_cv                      0.12 %          0.12 %          1000 items_per_second=0.12%
BM_libiop_naive_fft/8_mean                    1403 us         1403 us         1000 items_per_second=712.85/s
BM_libiop_naive_fft/8_median                  1404 us         1404 us         1000 items_per_second=712.498/s
BM_libiop_naive_fft/8_stddev                  1.58 us         1.57 us         1000 items_per_second=0.800023/s
BM_libiop_naive_fft/8_cv                      0.11 %          0.11 %          1000 items_per_second=0.11%
BM_libiop_naive_fft/9_mean                    5607 us         5607 us         1000 items_per_second=178.356/s
BM_libiop_naive_fft/9_median                  5609 us         5609 us         1000 items_per_second=178.269/s
BM_libiop_naive_fft/9_stddev                  10.8 us         10.8 us         1000 items_per_second=0.336837/s
BM_libiop_naive_fft/9_cv                      0.19 %          0.19 %          1000 items_per_second=0.19%
BM_libiop_naive_fft/10_mean                  22425 us        22425 us         1000 items_per_second=44.5935/s
BM_libiop_naive_fft/10_median                22436 us        22436 us         1000 items_per_second=44.5719/s
BM_libiop_naive_fft/10_stddev                 26.2 us         26.1 us         1000 items_per_second=0.0520038/s
BM_libiop_naive_fft/10_cv                     0.12 %          0.12 %          1000 items_per_second=0.12%
BM_libiop_naive_fft/11_mean                  89937 us        89938 us         1000 items_per_second=11.1188/s
BM_libiop_naive_fft/11_median                89942 us        89942 us         1000 items_per_second=11.1182/s
BM_libiop_naive_fft/11_stddev                 72.0 us         72.0 us         1000 items_per_second=8.89382m/s
BM_libiop_naive_fft/11_cv                     0.08 %          0.08 %          1000 items_per_second=0.08%
BM_libiop_naive_fft/12_mean                 359704 us       359705 us         1000 items_per_second=2.78006/s
BM_libiop_naive_fft/12_median               359727 us       359729 us         1000 items_per_second=2.77987/s
BM_libiop_naive_fft/12_stddev                  293 us          292 us         1000 items_per_second=2.2518m/s
BM_libiop_naive_fft/12_cv                     0.08 %          0.08 %          1000 items_per_second=0.08%
BM_libiop_naive_fft/13_mean                1438344 us      1438341 us         1000 items_per_second=0.695252/s
BM_libiop_naive_fft/13_median              1438805 us      1438804 us         1000 items_per_second=0.695022/s
BM_libiop_naive_fft/13_stddev                 4687 us         4680 us         1000 items_per_second=2.18232m/s
BM_libiop_naive_fft/13_cv                     0.33 %          0.33 %          1000 items_per_second=0.31%
BM_libiop_naive_fft/14_mean                5754669 us      5754577 us         1000 items_per_second=0.173775/s
BM_libiop_naive_fft/14_median              5756467 us      5756369 us         1000 items_per_second=0.173721/s
BM_libiop_naive_fft/14_stddev                 5083 us         5084 us         1000 items_per_second=153.76u/s
BM_libiop_naive_fft/14_cv                     0.09 %          0.09 %          1000 items_per_second=0.09%
BM_libiop_naive_fft/15_mean               22990514 us     22990252 us         1000 items_per_second=0.0434967/s
BM_libiop_naive_fft/15_median             22973539 us     22973317 us         1000 items_per_second=0.0435288/s
BM_libiop_naive_fft/15_stddev                25566 us        25530 us         1000 items_per_second=48.2688u/s
BM_libiop_naive_fft/15_cv                     0.11 %          0.11 %          1000 items_per_second=0.11%
BM_libiop_additive_fft/2_mean                 8.79 us         8.79 us         1000 items_per_second=113.776k/s
BM_libiop_additive_fft/2_median               8.79 us         8.79 us         1000 items_per_second=113.785k/s
BM_libiop_additive_fft/2_stddev              0.004 us        0.004 us         1000 items_per_second=52.0467/s
BM_libiop_additive_fft/2_cv                   0.05 %          0.05 %          1000 items_per_second=0.05%
BM_libiop_additive_fft/3_mean                 13.6 us         13.6 us         1000 items_per_second=73.661k/s
BM_libiop_additive_fft/3_median               13.6 us         13.6 us         1000 items_per_second=73.6666k/s
BM_libiop_additive_fft/3_stddev              0.007 us        0.007 us         1000 items_per_second=36.9948/s
BM_libiop_additive_fft/3_cv                   0.05 %          0.05 %          1000 items_per_second=0.05%
BM_libiop_additive_fft/4_mean                 19.1 us         19.1 us         1000 items_per_second=52.3748k/s
BM_libiop_additive_fft/4_median               19.1 us         19.1 us         1000 items_per_second=52.3791k/s
BM_libiop_additive_fft/4_stddev              0.009 us        0.009 us         1000 items_per_second=23.6253/s
BM_libiop_additive_fft/4_cv                   0.05 %          0.05 %          1000 items_per_second=0.05%
BM_libiop_additive_fft/5_mean                 26.4 us         26.4 us         1000 items_per_second=37.9134k/s
BM_libiop_additive_fft/5_median               26.4 us         26.4 us         1000 items_per_second=37.9159k/s
BM_libiop_additive_fft/5_stddev              0.012 us        0.012 us         1000 items_per_second=17.2314/s
BM_libiop_additive_fft/5_cv                   0.05 %          0.05 %          1000 items_per_second=0.05%
BM_libiop_additive_fft/6_mean                 37.4 us         37.4 us         1000 items_per_second=26.7349k/s
BM_libiop_additive_fft/6_median               37.4 us         37.4 us         1000 items_per_second=26.7514k/s
BM_libiop_additive_fft/6_stddev              0.133 us        0.133 us         1000 items_per_second=94.2594/s
BM_libiop_additive_fft/6_cv                   0.36 %          0.36 %          1000 items_per_second=0.35%
BM_libiop_additive_fft/7_mean                 56.7 us         56.7 us         1000 items_per_second=17.6374k/s
BM_libiop_additive_fft/7_median               56.6 us         56.6 us         1000 items_per_second=17.6697k/s
BM_libiop_additive_fft/7_stddev              0.291 us        0.291 us         1000 items_per_second=89.2927/s
BM_libiop_additive_fft/7_cv                   0.51 %          0.51 %          1000 items_per_second=0.51%
BM_libiop_additive_fft/8_mean                 94.4 us         94.4 us         1000 items_per_second=10.5931k/s
BM_libiop_additive_fft/8_median               94.2 us         94.2 us         1000 items_per_second=10.6186k/s
BM_libiop_additive_fft/8_stddev              0.745 us        0.744 us         1000 items_per_second=82.1077/s
BM_libiop_additive_fft/8_cv                   0.79 %          0.79 %          1000 items_per_second=0.78%
BM_libiop_additive_fft/9_mean                  173 us          173 us         1000 items_per_second=5.79583k/s
BM_libiop_additive_fft/9_median                173 us          173 us         1000 items_per_second=5.79108k/s
BM_libiop_additive_fft/9_stddev              0.360 us        0.360 us         1000 items_per_second=12.1171/s
BM_libiop_additive_fft/9_cv                   0.21 %          0.21 %          1000 items_per_second=0.21%
BM_libiop_additive_fft/10_mean                 337 us          337 us         1000 items_per_second=2.96621k/s
BM_libiop_additive_fft/10_median               337 us          337 us         1000 items_per_second=2.96625k/s
BM_libiop_additive_fft/10_stddev             0.325 us        0.325 us         1000 items_per_second=2.8466/s
BM_libiop_additive_fft/10_cv                  0.10 %          0.10 %          1000 items_per_second=0.10%
BM_libiop_additive_fft/11_mean                 703 us          703 us         1000 items_per_second=1.42193k/s
BM_libiop_additive_fft/11_median               703 us          703 us         1000 items_per_second=1.42213k/s
BM_libiop_additive_fft/11_stddev              1.10 us         1.10 us         1000 items_per_second=2.21694/s
BM_libiop_additive_fft/11_cv                  0.16 %          0.16 %          1000 items_per_second=0.16%
BM_libiop_additive_fft/12_mean                1495 us         1495 us         1000 items_per_second=669.054/s
BM_libiop_additive_fft/12_median              1494 us         1494 us         1000 items_per_second=669.205/s
BM_libiop_additive_fft/12_stddev              2.28 us         2.28 us         1000 items_per_second=1.01992/s
BM_libiop_additive_fft/12_cv                  0.15 %          0.15 %          1000 items_per_second=0.15%
BM_libiop_additive_fft/13_mean                3215 us         3215 us         1000 items_per_second=311.042/s
BM_libiop_additive_fft/13_median              3215 us         3215 us         1000 items_per_second=311.084/s
BM_libiop_additive_fft/13_stddev              3.14 us         3.13 us         1000 items_per_second=0.302939/s
BM_libiop_additive_fft/13_cv                  0.10 %          0.10 %          1000 items_per_second=0.10%
BM_libiop_additive_fft/14_mean                7016 us         7016 us         1000 items_per_second=142.528/s
BM_libiop_additive_fft/14_median              7015 us         7015 us         1000 items_per_second=142.547/s
BM_libiop_additive_fft/14_stddev              6.67 us         6.66 us         1000 items_per_second=0.135168/s
BM_libiop_additive_fft/14_cv                  0.10 %          0.09 %          1000 items_per_second=0.09%
BM_libiop_additive_fft/15_mean               15181 us        15181 us         1000 items_per_second=65.8722/s
BM_libiop_additive_fft/15_median             15180 us        15180 us         1000 items_per_second=65.8755/s
BM_libiop_additive_fft/15_stddev              14.8 us         14.8 us         1000 items_per_second=0.0640403/s
BM_libiop_additive_fft/15_cv                  0.10 %          0.10 %          1000 items_per_second=0.10%
BM_libiop_additive_fft/16_mean               32763 us        32762 us         1000 items_per_second=30.5234/s
BM_libiop_additive_fft/16_median             32765 us        32764 us         1000 items_per_second=30.5215/s
BM_libiop_additive_fft/16_stddev              41.4 us         41.3 us         1000 items_per_second=0.0385048/s
BM_libiop_additive_fft/16_cv                  0.13 %          0.13 %          1000 items_per_second=0.13%
BM_libiop_additive_fft/17_mean               70893 us        70889 us         1000 items_per_second=14.1066/s
BM_libiop_additive_fft/17_median             70877 us        70874 us         1000 items_per_second=14.1096/s
BM_libiop_additive_fft/17_stddev               107 us          107 us         1000 items_per_second=0.0211615/s
BM_libiop_additive_fft/17_cv                  0.15 %          0.15 %          1000 items_per_second=0.15%
BM_libiop_additive_fft/18_mean              165903 us       165894 us         1000 items_per_second=6.0283/s
BM_libiop_additive_fft/18_median            165968 us       165965 us         1000 items_per_second=6.02536/s
BM_libiop_additive_fft/18_stddev              1231 us         1231 us         1000 items_per_second=0.0449346/s
BM_libiop_additive_fft/18_cv                  0.74 %          0.74 %          1000 items_per_second=0.75%
BM_libiop_additive_fft/19_mean              437236 us       437217 us         1000 items_per_second=2.28746/s
BM_libiop_additive_fft/19_median            435353 us       435341 us         1000 items_per_second=2.29705/s
BM_libiop_additive_fft/19_stddev              4734 us         4732 us         1000 items_per_second=0.0244221/s
BM_libiop_additive_fft/19_cv                  1.08 %          1.08 %          1000 items_per_second=1.07%
BM_libiop_additive_fft/20_mean             1076494 us      1076449 us         1000 items_per_second=0.929066/s
BM_libiop_additive_fft/20_median           1075330 us      1075295 us         1000 items_per_second=0.929978/s
BM_libiop_additive_fft/20_stddev             10314 us        10314 us         1000 items_per_second=8.86502m/s
BM_libiop_additive_fft/20_cv                  0.96 %          0.96 %          1000 items_per_second=0.95%
BM_libiop_additive_fft/21_mean             2280551 us      2280449 us         1000 items_per_second=0.438565/s
BM_libiop_additive_fft/21_median           2271998 us      2271857 us         1000 items_per_second=0.440169/s
BM_libiop_additive_fft/21_stddev             25721 us        25724 us         1000 items_per_second=4.88859m/s
BM_libiop_additive_fft/21_cv                  1.13 %          1.13 %          1000 items_per_second=1.11%
BM_libiop_additive_fft/22_mean             4907779 us      4907539 us         1000 items_per_second=0.2038/s
BM_libiop_additive_fft/22_median           4884317 us      4884134 us         1000 items_per_second=0.204745/s
BM_libiop_additive_fft/22_stddev             61804 us        61795 us         1000 items_per_second=2.52533m/s
BM_libiop_additive_fft/22_cv                  1.26 %          1.26 %          1000 items_per_second=1.24%
BM_libiop_additive_fft/23_mean            10607805 us     10607242 us         1000 items_per_second=0.0942971/s
BM_libiop_additive_fft/23_median          10556729 us     10556162 us         1000 items_per_second=0.0947314/s
BM_libiop_additive_fft/23_stddev            162223 us       162171 us         1000 items_per_second=1.43603m/s
BM_libiop_additive_fft/23_cv                  1.53 %          1.53 %          1000 items_per_second=1.52%
BM_gao_additive_fft_lvl1/2_mean              0.368 us        0.368 us         1000 items_per_second=2.71514M/s
BM_gao_additive_fft_lvl1/2_median            0.368 us        0.368 us         1000 items_per_second=2.71626M/s
BM_gao_additive_fft_lvl1/2_stddev            0.002 us        0.002 us         1000 items_per_second=17.7541k/s
BM_gao_additive_fft_lvl1/2_cv                 0.66 %          0.66 %          1000 items_per_second=0.65%
BM_gao_additive_fft_lvl1/3_mean              0.869 us        0.869 us         1000 items_per_second=1.15074M/s
BM_gao_additive_fft_lvl1/3_median            0.869 us        0.869 us         1000 items_per_second=1.1512M/s
BM_gao_additive_fft_lvl1/3_stddev            0.003 us        0.003 us         1000 items_per_second=3.48071k/s
BM_gao_additive_fft_lvl1/3_cv                 0.31 %          0.31 %          1000 items_per_second=0.30%
BM_gao_additive_fft_lvl1/4_mean               2.03 us         2.03 us         1000 items_per_second=492.04k/s
BM_gao_additive_fft_lvl1/4_median             2.03 us         2.03 us         1000 items_per_second=492.164k/s
BM_gao_additive_fft_lvl1/4_stddev            0.004 us        0.004 us         1000 items_per_second=864.208/s
BM_gao_additive_fft_lvl1/4_cv                 0.18 %          0.18 %          1000 items_per_second=0.18%
BM_gao_additive_fft_lvl1/5_mean               4.80 us         4.80 us         1000 items_per_second=208.322k/s
BM_gao_additive_fft_lvl1/5_median             4.80 us         4.80 us         1000 items_per_second=208.367k/s
BM_gao_additive_fft_lvl1/5_stddev            0.006 us        0.006 us         1000 items_per_second=278.176/s
BM_gao_additive_fft_lvl1/5_cv                 0.14 %          0.14 %          1000 items_per_second=0.13%
BM_gao_additive_fft_lvl1/6_mean               11.2 us         11.2 us         1000 items_per_second=89.2089k/s
BM_gao_additive_fft_lvl1/6_median             11.2 us         11.2 us         1000 items_per_second=89.348k/s
BM_gao_additive_fft_lvl1/6_stddev            0.127 us        0.127 us         1000 items_per_second=984.476/s
BM_gao_additive_fft_lvl1/6_cv                 1.13 %          1.13 %          1000 items_per_second=1.10%
BM_gao_additive_fft_lvl1/7_mean               25.6 us         25.6 us         1000 items_per_second=39.0409k/s
BM_gao_additive_fft_lvl1/7_median             25.6 us         25.6 us         1000 items_per_second=39.1284k/s
BM_gao_additive_fft_lvl1/7_stddev            0.269 us        0.269 us         1000 items_per_second=400.794/s
BM_gao_additive_fft_lvl1/7_cv                 1.05 %          1.05 %          1000 items_per_second=1.03%
BM_gao_additive_fft_lvl1/8_mean               57.8 us         57.8 us         1000 items_per_second=17.2896k/s
BM_gao_additive_fft_lvl1/8_median             57.9 us         57.9 us         1000 items_per_second=17.2686k/s
BM_gao_additive_fft_lvl1/8_stddev            0.231 us        0.231 us         1000 items_per_second=69.3016/s
BM_gao_additive_fft_lvl1/8_cv                 0.40 %          0.40 %          1000 items_per_second=0.40%
BM_gao_additive_fft_lvl1/9_mean                129 us          129 us         1000 items_per_second=7.76956k/s
BM_gao_additive_fft_lvl1/9_median              129 us          129 us         1000 items_per_second=7.76966k/s
BM_gao_additive_fft_lvl1/9_stddev            0.132 us        0.132 us         1000 items_per_second=7.94098/s
BM_gao_additive_fft_lvl1/9_cv                 0.10 %          0.10 %          1000 items_per_second=0.10%
BM_gao_additive_fft_lvl1/10_mean               285 us          285 us         1000 items_per_second=3.50918k/s
BM_gao_additive_fft_lvl1/10_median             285 us          285 us         1000 items_per_second=3.50773k/s
BM_gao_additive_fft_lvl1/10_stddev           0.672 us        0.671 us         1000 items_per_second=8.31746/s
BM_gao_additive_fft_lvl1/10_cv                0.24 %          0.24 %          1000 items_per_second=0.24%
BM_gao_additive_fft_lvl1/11_mean               639 us          639 us         1000 items_per_second=1.56428k/s
BM_gao_additive_fft_lvl1/11_median             639 us          639 us         1000 items_per_second=1.56451k/s
BM_gao_additive_fft_lvl1/11_stddev           0.623 us        0.622 us         1000 items_per_second=1.51798/s
BM_gao_additive_fft_lvl1/11_cv                0.10 %          0.10 %          1000 items_per_second=0.10%
BM_gao_additive_fft_lvl1/12_mean              1413 us         1413 us         1000 items_per_second=707.821/s
BM_gao_additive_fft_lvl1/12_median            1411 us         1411 us         1000 items_per_second=708.511/s
BM_gao_additive_fft_lvl1/12_stddev            3.84 us         3.84 us         1000 items_per_second=1.91915/s
BM_gao_additive_fft_lvl1/12_cv                0.27 %          0.27 %          1000 items_per_second=0.27%
BM_gao_additive_fft_lvl1/13_mean              3149 us         3149 us         1000 items_per_second=317.594/s
BM_gao_additive_fft_lvl1/13_median            3132 us         3132 us         1000 items_per_second=319.247/s
BM_gao_additive_fft_lvl1/13_stddev            33.3 us         33.3 us         1000 items_per_second=3.35949/s
BM_gao_additive_fft_lvl1/13_cv                1.06 %          1.06 %          1000 items_per_second=1.06%
BM_gao_additive_fft_lvl1/14_mean              6883 us         6883 us         1000 items_per_second=145.293/s
BM_gao_additive_fft_lvl1/14_median            6881 us         6881 us         1000 items_per_second=145.331/s
BM_gao_additive_fft_lvl1/14_stddev            10.5 us         10.5 us         1000 items_per_second=0.219942/s
BM_gao_additive_fft_lvl1/14_cv                0.15 %          0.15 %          1000 items_per_second=0.15%
BM_gao_additive_fft_lvl1/15_mean             14923 us        14923 us         1000 items_per_second=67.0104/s
BM_gao_additive_fft_lvl1/15_median           14922 us        14922 us         1000 items_per_second=67.0151/s
BM_gao_additive_fft_lvl1/15_stddev            15.7 us         15.7 us         1000 items_per_second=0.0701726/s
BM_gao_additive_fft_lvl1/15_cv                0.11 %          0.10 %          1000 items_per_second=0.10%
BM_gao_additive_fft_lvl1/16_mean             32404 us        32404 us         1000 items_per_second=30.8609/s
BM_gao_additive_fft_lvl1/16_median           32388 us        32387 us         1000 items_per_second=30.8763/s
BM_gao_additive_fft_lvl1/16_stddev            86.2 us         86.2 us         1000 items_per_second=0.0820525/s
BM_gao_additive_fft_lvl1/16_cv                0.27 %          0.27 %          1000 items_per_second=0.27%
BM_gao_additive_fft_lvl1/17_mean             70170 us        70168 us         1000 items_per_second=14.2515/s
BM_gao_additive_fft_lvl1/17_median           70154 us        70152 us         1000 items_per_second=14.2548/s
BM_gao_additive_fft_lvl1/17_stddev             165 us          165 us         1000 items_per_second=0.0335382/s
BM_gao_additive_fft_lvl1/17_cv                0.24 %          0.24 %          1000 items_per_second=0.24%
BM_gao_additive_fft_lvl1/18_mean            160636 us       160632 us         1000 items_per_second=6.2256/s
BM_gao_additive_fft_lvl1/18_median          160237 us       160226 us         1000 items_per_second=6.2412/s
BM_gao_additive_fft_lvl1/18_stddev             888 us          888 us         1000 items_per_second=0.0342621/s
BM_gao_additive_fft_lvl1/18_cv                0.55 %          0.55 %          1000 items_per_second=0.55%
BM_gao_additive_fft_lvl1/19_mean            428050 us       428030 us         1000 items_per_second=2.33639/s
BM_gao_additive_fft_lvl1/19_median          427362 us       427341 us         1000 items_per_second=2.34005/s
BM_gao_additive_fft_lvl1/19_stddev            2981 us         2979 us         1000 items_per_second=0.0158612/s
BM_gao_additive_fft_lvl1/19_cv                0.70 %          0.70 %          1000 items_per_second=0.68%
BM_gao_additive_fft_lvl1/20_mean           1031240 us      1031196 us         1000 items_per_second=0.969785/s
BM_gao_additive_fft_lvl1/20_median         1029466 us      1029400 us         1000 items_per_second=0.971439/s
BM_gao_additive_fft_lvl1/20_stddev            6406 us         6409 us         1000 items_per_second=6.02581m/s
BM_gao_additive_fft_lvl1/20_cv                0.62 %          0.62 %          1000 items_per_second=0.62%
BM_gao_additive_fft_lvl1/21_mean           2262367 us      2262264 us         1000 items_per_second=0.44206/s
BM_gao_additive_fft_lvl1/21_median         2269366 us      2269261 us         1000 items_per_second=0.440672/s
BM_gao_additive_fft_lvl1/21_stddev           17010 us        17006 us         1000 items_per_second=3.33694m/s
BM_gao_additive_fft_lvl1/21_cv                0.75 %          0.75 %          1000 items_per_second=0.75%
BM_gao_additive_fft_lvl1/22_mean           4840018 us      4839800 us         1000 items_per_second=0.206621/s
BM_gao_additive_fft_lvl1/22_median         4837661 us      4837526 us         1000 items_per_second=0.206717/s
BM_gao_additive_fft_lvl1/22_stddev           10609 us        10606 us         1000 items_per_second=450.826u/s
BM_gao_additive_fft_lvl1/22_cv                0.22 %          0.22 %          1000 items_per_second=0.22%
BM_gao_additive_fft_lvl1/23_mean          10346859 us     10346372 us         1000 items_per_second=0.096653/s
BM_gao_additive_fft_lvl1/23_median        10339707 us     10339253 us         1000 items_per_second=0.0967188/s
BM_gao_additive_fft_lvl1/23_stddev           29565 us        29577 us         1000 items_per_second=273.791u/s
BM_gao_additive_fft_lvl1/23_cv                0.29 %          0.29 %          1000 items_per_second=0.28%
BM_gao_additive_fft_lvl2/2_mean              0.197 us        0.197 us         1000 items_per_second=5.06899M/s
BM_gao_additive_fft_lvl2/2_median            0.197 us        0.197 us         1000 items_per_second=5.0729M/s
BM_gao_additive_fft_lvl2/2_stddev            0.001 us        0.001 us         1000 items_per_second=25.7119k/s
BM_gao_additive_fft_lvl2/2_cv                 0.52 %          0.52 %          1000 items_per_second=0.51%
BM_gao_additive_fft_lvl2/3_mean              0.554 us        0.554 us         1000 items_per_second=1.80557M/s
BM_gao_additive_fft_lvl2/3_median            0.554 us        0.554 us         1000 items_per_second=1.80505M/s
BM_gao_additive_fft_lvl2/3_stddev            0.001 us        0.001 us         1000 items_per_second=3.26447k/s
BM_gao_additive_fft_lvl2/3_cv                 0.18 %          0.18 %          1000 items_per_second=0.18%
BM_gao_additive_fft_lvl2/4_mean               1.47 us         1.47 us         1000 items_per_second=681.491k/s
BM_gao_additive_fft_lvl2/4_median             1.47 us         1.47 us         1000 items_per_second=681.635k/s
BM_gao_additive_fft_lvl2/4_stddev            0.001 us        0.001 us         1000 items_per_second=690.395/s
BM_gao_additive_fft_lvl2/4_cv                 0.10 %          0.10 %          1000 items_per_second=0.10%
BM_gao_additive_fft_lvl2/5_mean               3.82 us         3.82 us         1000 items_per_second=262.042k/s
BM_gao_additive_fft_lvl2/5_median             3.81 us         3.81 us         1000 items_per_second=262.291k/s
BM_gao_additive_fft_lvl2/5_stddev            0.051 us        0.051 us         1000 items_per_second=3.41316k/s
BM_gao_additive_fft_lvl2/5_cv                 1.33 %          1.33 %          1000 items_per_second=1.30%
BM_gao_additive_fft_lvl2/6_mean               9.56 us         9.56 us         1000 items_per_second=104.588k/s
BM_gao_additive_fft_lvl2/6_median             9.53 us         9.53 us         1000 items_per_second=104.987k/s
BM_gao_additive_fft_lvl2/6_stddev            0.180 us        0.180 us         1000 items_per_second=1.90168k/s
BM_gao_additive_fft_lvl2/6_cv                 1.89 %          1.89 %          1000 items_per_second=1.82%
BM_gao_additive_fft_lvl2/7_mean               22.6 us         22.6 us         1000 items_per_second=44.158k/s
BM_gao_additive_fft_lvl2/7_median             22.6 us         22.6 us         1000 items_per_second=44.1823k/s
BM_gao_additive_fft_lvl2/7_stddev            0.179 us        0.179 us         1000 items_per_second=345.988/s
BM_gao_additive_fft_lvl2/7_cv                 0.79 %          0.79 %          1000 items_per_second=0.78%
BM_gao_additive_fft_lvl2/8_mean               53.8 us         53.8 us         1000 items_per_second=18.5959k/s
BM_gao_additive_fft_lvl2/8_median             53.8 us         53.8 us         1000 items_per_second=18.599k/s
BM_gao_additive_fft_lvl2/8_stddev            0.316 us        0.316 us         1000 items_per_second=108.864/s
BM_gao_additive_fft_lvl2/8_cv                 0.59 %          0.59 %          1000 items_per_second=0.59%
BM_gao_additive_fft_lvl2/9_mean                121 us          121 us         1000 items_per_second=8.27281k/s
BM_gao_additive_fft_lvl2/9_median              121 us          121 us         1000 items_per_second=8.28071k/s
BM_gao_additive_fft_lvl2/9_stddev            0.466 us        0.466 us         1000 items_per_second=31.7096/s
BM_gao_additive_fft_lvl2/9_cv                 0.39 %          0.39 %          1000 items_per_second=0.38%
BM_gao_additive_fft_lvl2/10_mean               273 us          273 us         1000 items_per_second=3.66146k/s
BM_gao_additive_fft_lvl2/10_median             272 us          272 us         1000 items_per_second=3.67118k/s
BM_gao_additive_fft_lvl2/10_stddev            1.56 us         1.56 us         1000 items_per_second=20.9136/s
BM_gao_additive_fft_lvl2/10_cv                0.57 %          0.57 %          1000 items_per_second=0.57%
BM_gao_additive_fft_lvl2/11_mean               620 us          620 us         1000 items_per_second=1.61268k/s
BM_gao_additive_fft_lvl2/11_median             620 us          620 us         1000 items_per_second=1.61167k/s
BM_gao_additive_fft_lvl2/11_stddev            5.51 us         5.51 us         1000 items_per_second=14.4578/s
BM_gao_additive_fft_lvl2/11_cv                0.89 %          0.89 %          1000 items_per_second=0.90%
BM_gao_additive_fft_lvl2/12_mean              1387 us         1387 us         1000 items_per_second=721.077/s
BM_gao_additive_fft_lvl2/12_median            1381 us         1381 us         1000 items_per_second=723.876/s
BM_gao_additive_fft_lvl2/12_stddev            13.4 us         13.4 us         1000 items_per_second=6.97621/s
BM_gao_additive_fft_lvl2/12_cv                0.97 %          0.97 %          1000 items_per_second=0.97%
BM_gao_additive_fft_lvl2/13_mean              3071 us         3071 us         1000 items_per_second=325.648/s
BM_gao_additive_fft_lvl2/13_median            3057 us         3057 us         1000 items_per_second=327.145/s
BM_gao_additive_fft_lvl2/13_stddev            29.4 us         29.4 us         1000 items_per_second=3.09614/s
BM_gao_additive_fft_lvl2/13_cv                0.96 %          0.96 %          1000 items_per_second=0.95%
BM_gao_additive_fft_lvl2/14_mean              6788 us         6788 us         1000 items_per_second=147.332/s
BM_gao_additive_fft_lvl2/14_median            6740 us         6740 us         1000 items_per_second=148.372/s
BM_gao_additive_fft_lvl2/14_stddev            77.6 us         77.6 us         1000 items_per_second=1.66931/s
BM_gao_additive_fft_lvl2/14_cv                1.14 %          1.14 %          1000 items_per_second=1.13%
BM_gao_additive_fft_lvl2/15_mean             14939 us        14938 us         1000 items_per_second=66.9464/s
BM_gao_additive_fft_lvl2/15_median           14998 us        14998 us         1000 items_per_second=66.6762/s
BM_gao_additive_fft_lvl2/15_stddev             127 us          127 us         1000 items_per_second=0.578794/s
BM_gao_additive_fft_lvl2/15_cv                0.85 %          0.85 %          1000 items_per_second=0.86%
BM_gao_additive_fft_lvl2/16_mean             32427 us        32426 us         1000 items_per_second=30.8423/s
BM_gao_additive_fft_lvl2/16_median           32526 us        32524 us         1000 items_per_second=30.7463/s
BM_gao_additive_fft_lvl2/16_stddev             293 us          293 us         1000 items_per_second=0.282196/s
BM_gao_additive_fft_lvl2/16_cv                0.90 %          0.90 %          1000 items_per_second=0.91%
BM_gao_additive_fft_lvl2/17_mean             70241 us        70238 us         1000 items_per_second=14.239/s
BM_gao_additive_fft_lvl2/17_median           70739 us        70736 us         1000 items_per_second=14.137/s
BM_gao_additive_fft_lvl2/17_stddev             753 us          752 us         1000 items_per_second=0.15287/s
BM_gao_additive_fft_lvl2/17_cv                1.07 %          1.07 %          1000 items_per_second=1.07%
BM_gao_additive_fft_lvl2/18_mean            167823 us       167815 us         1000 items_per_second=5.95942/s
BM_gao_additive_fft_lvl2/18_median          167799 us       167794 us         1000 items_per_second=5.9597/s
BM_gao_additive_fft_lvl2/18_stddev            1517 us         1517 us         1000 items_per_second=0.0538249/s
BM_gao_additive_fft_lvl2/18_cv                0.90 %          0.90 %          1000 items_per_second=0.90%
BM_gao_additive_fft_lvl2/19_mean            445059 us       445038 us         1000 items_per_second=2.24737/s
BM_gao_additive_fft_lvl2/19_median          443256 us       443235 us         1000 items_per_second=2.25614/s
BM_gao_additive_fft_lvl2/19_stddev            5765 us         5765 us         1000 items_per_second=0.0288364/s
BM_gao_additive_fft_lvl2/19_cv                1.30 %          1.30 %          1000 items_per_second=1.28%
BM_gao_additive_fft_lvl2/20_mean           1062865 us      1062804 us         1000 items_per_second=0.940913/s
BM_gao_additive_fft_lvl2/20_median         1063438 us      1063380 us         1000 items_per_second=0.940398/s
BM_gao_additive_fft_lvl2/20_stddev            2734 us         2731 us         1000 items_per_second=2.41319m/s
BM_gao_additive_fft_lvl2/20_cv                0.26 %          0.26 %          1000 items_per_second=0.26%
BM_gao_additive_fft_lvl2/21_mean           2281141 us      2281027 us         1000 items_per_second=0.438405/s
BM_gao_additive_fft_lvl2/21_median         2279730 us      2279614 us         1000 items_per_second=0.438671/s
BM_gao_additive_fft_lvl2/21_stddev            8795 us         8796 us         1000 items_per_second=1.68888m/s
BM_gao_additive_fft_lvl2/21_cv                0.39 %          0.39 %          1000 items_per_second=0.39%
BM_gao_additive_fft_lvl2/22_mean           4888212 us      4887961 us         1000 items_per_second=0.204586/s
BM_gao_additive_fft_lvl2/22_median         4888004 us      4887742 us         1000 items_per_second=0.204593/s
BM_gao_additive_fft_lvl2/22_stddev           12197 us        12185 us         1000 items_per_second=506.863u/s
BM_gao_additive_fft_lvl2/22_cv                0.25 %          0.25 %          1000 items_per_second=0.25%
BM_gao_additive_fft_lvl2/23_mean          10618448 us     10617957 us         1000 items_per_second=0.0941861/s
BM_gao_additive_fft_lvl2/23_median        10580562 us     10580003 us         1000 items_per_second=0.0945179/s
BM_gao_additive_fft_lvl2/23_stddev           85238 us        85233 us         1000 items_per_second=745.974u/s
BM_gao_additive_fft_lvl2/23_cv                0.80 %          0.80 %          1000 items_per_second=0.79%
BM_gao_additive_fft_co/2_mean                0.271 us        0.271 us         1000 items_per_second=3.68576M/s
BM_gao_additive_fft_co/2_median              0.271 us        0.271 us         1000 items_per_second=3.68607M/s
BM_gao_additive_fft_co/2_stddev              0.000 us        0.000 us         1000 items_per_second=2.61485k/s
BM_gao_additive_fft_co/2_cv                   0.07 %          0.07 %          1000 items_per_second=0.07%
BM_gao_additive_fft_co/3_mean                0.517 us        0.517 us         1000 items_per_second=1.93339M/s
BM_gao_additive_fft_co/3_median              0.517 us        0.517 us         1000 items_per_second=1.93357M/s
BM_gao_additive_fft_co/3_stddev              0.000 us        0.000 us         1000 items_per_second=980.674/s
BM_gao_additive_fft_co/3_cv                   0.05 %          0.05 %          1000 items_per_second=0.05%
BM_gao_additive_fft_co/4_mean                 1.09 us         1.09 us         1000 items_per_second=916.095k/s
BM_gao_additive_fft_co/4_median               1.09 us         1.09 us         1000 items_per_second=915.151k/s
BM_gao_additive_fft_co/4_stddev              0.002 us        0.002 us         1000 items_per_second=1.74783k/s
BM_gao_additive_fft_co/4_cv                   0.19 %          0.19 %          1000 items_per_second=0.19%
BM_gao_additive_fft_co/5_mean                 2.24 us         2.24 us         1000 items_per_second=447.412k/s
BM_gao_additive_fft_co/5_median               2.23 us         2.23 us         1000 items_per_second=447.446k/s
BM_gao_additive_fft_co/5_stddev              0.001 us        0.001 us         1000 items_per_second=249.284/s
BM_gao_additive_fft_co/5_cv                   0.06 %          0.06 %          1000 items_per_second=0.06%
BM_gao_additive_fft_co/6_mean                 5.18 us         5.18 us         1000 items_per_second=193.119k/s
BM_gao_additive_fft_co/6_median               5.18 us         5.18 us         1000 items_per_second=193.156k/s
BM_gao_additive_fft_co/6_stddev              0.127 us        0.127 us         1000 items_per_second=4.55643k/s
BM_gao_additive_fft_co/6_cv                   2.45 %          2.45 %          1000 items_per_second=2.36%
BM_gao_additive_fft_co/7_mean                 11.7 us         11.7 us         1000 items_per_second=85.3383k/s
BM_gao_additive_fft_co/7_median               11.6 us         11.6 us         1000 items_per_second=85.9278k/s
BM_gao_additive_fft_co/7_stddev              0.295 us        0.295 us         1000 items_per_second=2.07031k/s
BM_gao_additive_fft_co/7_cv                   2.51 %          2.51 %          1000 items_per_second=2.43%
BM_gao_additive_fft_co/8_mean                 27.2 us         27.2 us         1000 items_per_second=36.7463k/s
BM_gao_additive_fft_co/8_median               27.5 us         27.5 us         1000 items_per_second=36.3742k/s
BM_gao_additive_fft_co/8_stddev              0.428 us        0.428 us         1000 items_per_second=584.901/s
BM_gao_additive_fft_co/8_cv                   1.57 %          1.57 %          1000 items_per_second=1.59%
BM_gao_additive_fft_co/9_mean                 59.4 us         59.4 us         1000 items_per_second=16.8222k/s
BM_gao_additive_fft_co/9_median               59.4 us         59.4 us         1000 items_per_second=16.8278k/s
BM_gao_additive_fft_co/9_stddev              0.264 us        0.264 us         1000 items_per_second=74.69/s
BM_gao_additive_fft_co/9_cv                   0.44 %          0.44 %          1000 items_per_second=0.44%
BM_gao_additive_fft_co/10_mean                 134 us          134 us         1000 items_per_second=7.48709k/s
BM_gao_additive_fft_co/10_median               134 us          134 us         1000 items_per_second=7.47913k/s
BM_gao_additive_fft_co/10_stddev             0.537 us        0.537 us         1000 items_per_second=29.9793/s
BM_gao_additive_fft_co/10_cv                  0.40 %          0.40 %          1000 items_per_second=0.40%
BM_gao_additive_fft_co/11_mean                 309 us          309 us         1000 items_per_second=3.23736k/s
BM_gao_additive_fft_co/11_median               308 us          308 us         1000 items_per_second=3.24624k/s
BM_gao_additive_fft_co/11_stddev              1.78 us         1.78 us         1000 items_per_second=18.5801/s
BM_gao_additive_fft_co/11_cv                  0.58 %          0.58 %          1000 items_per_second=0.57%
BM_gao_additive_fft_co/12_mean                 687 us          687 us         1000 items_per_second=1.45758k/s
BM_gao_additive_fft_co/12_median               695 us          695 us         1000 items_per_second=1.43919k/s
BM_gao_additive_fft_co/12_stddev              22.4 us         22.4 us         1000 items_per_second=46.8086/s
BM_gao_additive_fft_co/12_cv                  3.26 %          3.26 %          1000 items_per_second=3.21%
BM_gao_additive_fft_co/13_mean                1570 us         1570 us         1000 items_per_second=637.085/s
BM_gao_additive_fft_co/13_median              1571 us         1571 us         1000 items_per_second=636.687/s
BM_gao_additive_fft_co/13_stddev              10.2 us         10.2 us         1000 items_per_second=4.02311/s
BM_gao_additive_fft_co/13_cv                  0.65 %          0.65 %          1000 items_per_second=0.63%
BM_gao_additive_fft_co/14_mean                3650 us         3650 us         1000 items_per_second=274.034/s
BM_gao_additive_fft_co/14_median              3604 us         3604 us         1000 items_per_second=277.444/s
BM_gao_additive_fft_co/14_stddev              56.9 us         56.9 us         1000 items_per_second=4.26868/s
BM_gao_additive_fft_co/14_cv                  1.56 %          1.56 %          1000 items_per_second=1.56%
BM_gao_additive_fft_co/15_mean                8055 us         8055 us         1000 items_per_second=124.154/s
BM_gao_additive_fft_co/15_median              8015 us         8015 us         1000 items_per_second=124.769/s
BM_gao_additive_fft_co/15_stddev              58.6 us         58.6 us         1000 items_per_second=0.903748/s
BM_gao_additive_fft_co/15_cv                  0.73 %          0.73 %          1000 items_per_second=0.73%
BM_gao_additive_fft_co/16_mean               17704 us        17704 us         1000 items_per_second=56.4872/s
BM_gao_additive_fft_co/16_median             17663 us        17662 us         1000 items_per_second=56.6183/s
BM_gao_additive_fft_co/16_stddev               121 us          120 us         1000 items_per_second=0.384428/s
BM_gao_additive_fft_co/16_cv                  0.68 %          0.68 %          1000 items_per_second=0.68%
BM_gao_additive_fft_co/17_mean               39283 us        39281 us         1000 items_per_second=25.4581/s
BM_gao_additive_fft_co/17_median             39387 us        39386 us         1000 items_per_second=25.3899/s
BM_gao_additive_fft_co/17_stddev               188 us          188 us         1000 items_per_second=0.12231/s
BM_gao_additive_fft_co/17_cv                  0.48 %          0.48 %          1000 items_per_second=0.48%
BM_gao_additive_fft_co/18_mean              100717 us       100713 us         1000 items_per_second=9.92952/s
BM_gao_additive_fft_co/18_median            100639 us       100634 us         1000 items_per_second=9.93704/s
BM_gao_additive_fft_co/18_stddev               529 us          528 us         1000 items_per_second=0.0519186/s
BM_gao_additive_fft_co/18_cv                  0.53 %          0.52 %          1000 items_per_second=0.52%
